2025-02-06 16:58:48,039 - INFO - Processing file: sample-1.pdf
2025-02-06 16:58:48,040 - INFO - xref found: pos=b'69371'
2025-02-06 16:58:48,041 - INFO - read_xref_from: start=69371, token=/b'xref'
2025-02-06 16:58:48,041 - INFO - xref objects: {1: (None, 15, 0), 2: (None, 53595, 0), 3: (None, 99, 0), 4: (None, 58717, 0), 5: (None, 69225, 0), 6: (None, 136, 0), 7: (None, 10304, 0), 8: (None, 15673, 0), 9: (None, 27878, 0), 10: (None, 42162, 0), 11: (None, 44690, 0), 12: (None, 53858, 0), 13: (None, 47496, 0), 14: (None, 49785, 0), 15: (None, 51366, 0), 16: (None, 54104, 0), 17: (None, 54167, 0), 18: (None, 54469, 0), 19: (None, 54532, 0), 20: (None, 57679, 0), 21: (None, 57923, 0), 22: (None, 58355, 0), 23: (None, 58860, 0), 24: (None, 67858, 0), 25: (None, 68105, 0), 26: (None, 68834, 0)}
2025-02-06 16:58:48,042 - INFO - trailer: {'Size': 27, 'Root': <PDFObjRef:18>, 'Info': <PDFObjRef:1>}
2025-02-06 16:58:48,043 - INFO - Processing file: sample-2.pdf
2025-02-06 16:58:48,044 - INFO - xref found: pos=b'22262'
2025-02-06 16:58:48,045 - INFO - read_xref_from: start=22262, token=/b'xref'
2025-02-06 16:58:48,045 - INFO - xref objects: {1: (None, 15, 0), 2: (None, 3019, 0), 3: (None, 97, 0), 4: (None, 9219, 0), 5: (None, 22111, 0), 6: (None, 134, 0), 7: (None, 369, 0), 8: (None, 3260, 0), 9: (None, 3315, 0), 10: (None, 3362, 0), 11: (None, 8333, 0), 12: (None, 8535, 0), 13: (None, 8859, 0), 14: (None, 9367, 0), 15: (None, 20956, 0), 16: (None, 21161, 0), 17: (None, 21691, 0)}
2025-02-06 16:58:48,046 - INFO - trailer: {'Size': 18, 'Root': <PDFObjRef:9>, 'Info': <PDFObjRef:1>}
2025-02-06 16:58:48,057 - INFO - trailer: {'Size': 18, 'Root': <PDFObjRef:9>, 'Info': <PDFObjRef:1>}
2025-02-06 16:58:48,058 - INFO - Pages: Kids=[<PDFObjRef:2>]
2025-02-06 16:58:48,060 - INFO - Page: {'Type': /'Page', 'Resources': {'ProcSet': [/'PDF', /'Text', /'ImageB', /'ImageC', /'ImageI'], 'ExtGState': {'G3': <PDFObjRef:3>}, 'XObject': {'X6': <PDFObjRef:6>}, 'Font': {'F4': <PDFObjRef:4>, 'F5': <PDFObjRef:5>}}, 'MediaBox': [0, 0, 612, 792], 'Contents': <PDFObjRef:7>, 'StructParents': 0, 'Parent': <PDFObjRef:8>}
2025-02-06 16:58:48,061 - INFO - Processing page: <PDFPage: Resources={'ProcSet': [/'PDF', /'Text', /'ImageB', /'ImageC', /'ImageI'], 'ExtGState': {'G3': <PDFObjRef:3>}, 'XObject': {'X6': <PDFObjRef:6>}, 'Font': {'F4': <PDFObjRef:4>, 'F5': <PDFObjRef:5>}}, MediaBox=[0, 0, 612, 792]>
2025-02-06 16:58:48,061 - INFO - render_contents: resources={'ProcSet': [/'PDF', /'Text', /'ImageB', /'ImageC', /'ImageI'], 'ExtGState': {'G3': <PDFObjRef:3>}, 'XObject': {'X6': <PDFObjRef:6>}, 'Font': {'F4': <PDFObjRef:4>, 'F5': <PDFObjRef:5>}}, streams=[<PDFStream(7): raw=2580, {'Filter': /'FlateDecode', 'Length': 2579}>], ctm=(1, 0, 0, 1, 0, 0)
2025-02-06 16:58:48,062 - INFO - get_font: create: objid=4, spec={'Type': /'Font', 'Subtype': /'Type0', 'BaseFont': /'AAAAAA+ProximaNova-Bold', 'Encoding': /'Identity-H', 'DescendantFonts': [<PDFObjRef:12>], 'ToUnicode': <PDFObjRef:13>}
2025-02-06 16:58:48,062 - INFO - trailer: {'Size': 27, 'Root': <PDFObjRef:18>, 'Info': <PDFObjRef:1>}
2025-02-06 16:58:48,063 - INFO - get_font: create: objid=None, spec={'Type': /'Font', 'FontDescriptor': <PDFObjRef:11>, 'BaseFont': /'AAAAAA+ProximaNova-Bold', 'Subtype': /'CIDFontType2', 'CIDToGIDMap': /'Identity', 'CIDSystemInfo': {'Registry': b'Adobe', 'Ordering': b'Identity', 'Supplement': 0}, 'W': [0, [483, 0, 0, 256], 61, [729, 0, 0, 0, 643], 72, [645, 0, 543, 0, 0, 586, 553], 87, [852, 579, 574, 0, 0, 360, 0, 0, 579, 0, 0, 0, 513]], 'DW': 0, 'Encoding': /'Identity-H', 'ToUnicode': <PDFStream(13): raw=290, {'Filter': /'FlateDecode', 'Length': 289}>}
2025-02-06 16:58:48,064 - INFO - Pages: Kids=[<PDFObjRef:2>, <PDFObjRef:12>]
2025-02-06 16:58:48,066 - INFO - Page: {'Type': /'Page', 'Resources': {'ProcSet': [/'PDF', /'Text', /'ImageB', /'ImageC', /'ImageI'], 'ExtGState': {'G3': <PDFObjRef:3>}, 'XObject': {'X6': <PDFObjRef:6>, 'X8': <PDFObjRef:8>, 'X9': <PDFObjRef:9>}, 'Font': {'F4': <PDFObjRef:4>, 'F5': <PDFObjRef:5>}}, 'MediaBox': [0, 0, 612, 792], 'Contents': <PDFObjRef:11>, 'StructParents': 0, 'Parent': <PDFObjRef:16>}
2025-02-06 16:58:48,068 - INFO - Page: {'Type': /'Page', 'Resources': {'ProcSet': [/'PDF', /'Text', /'ImageB', /'ImageC', /'ImageI'], 'ExtGState': {'G3': <PDFObjRef:3>}, 'XObject': {'X9': <PDFObjRef:9>, 'X13': <PDFObjRef:13>}, 'Font': {'F5': <PDFObjRef:5>}}, 'MediaBox': [0, 0, 612, 792], 'Contents': <PDFObjRef:15>, 'StructParents': 1, 'Parent': <PDFObjRef:16>}
2025-02-06 16:58:48,069 - INFO - get_font: create: objid=5, spec={'Type': /'Font', 'Subtype': /'Type0', 'BaseFont': /'BAAAAA+ProximaNova-Regular', 'Encoding': /'Identity-H', 'DescendantFonts': [<PDFObjRef:16>], 'ToUnicode': <PDFObjRef:17>}
2025-02-06 16:58:48,069 - INFO - Processing page: <PDFPage: Resources={'ProcSet': [/'PDF', /'Text', /'ImageB', /'ImageC', /'ImageI'], 'ExtGState': {'G3': <PDFObjRef:3>}, 'XObject': {'X6': <PDFObjRef:6>, 'X8': <PDFObjRef:8>, 'X9': <PDFObjRef:9>}, 'Font': {'F4': <PDFObjRef:4>, 'F5': <PDFObjRef:5>}}, MediaBox=[0, 0, 612, 792]>
2025-02-06 16:58:48,070 - INFO - render_contents: resources={'ProcSet': [/'PDF', /'Text', /'ImageB', /'ImageC', /'ImageI'], 'ExtGState': {'G3': <PDFObjRef:3>}, 'XObject': {'X6': <PDFObjRef:6>, 'X8': <PDFObjRef:8>, 'X9': <PDFObjRef:9>}, 'Font': {'F4': <PDFObjRef:4>, 'F5': <PDFObjRef:5>}}, streams=[<PDFStream(11): raw=2735, {'Filter': /'FlateDecode', 'Length': 2734}>], ctm=(1, 0, 0, 1, 0, 0)
2025-02-06 16:58:48,071 - INFO - get_font: create: objid=4, spec={'Type': /'Font', 'Subtype': /'Type0', 'BaseFont': /'AAAAAA+Roboto-Bold', 'Encoding': /'Identity-H', 'DescendantFonts': [<PDFObjRef:21>], 'ToUnicode': <PDFObjRef:22>}
2025-02-06 16:58:48,073 - INFO - get_font: create: objid=None, spec={'Type': /'Font', 'FontDescriptor': <PDFObjRef:15>, 'BaseFont': /'BAAAAA+ProximaNova-Regular', 'Subtype': /'CIDFontType2', 'CIDToGIDMap': /'Identity', 'CIDSystemInfo': {'Registry': b'Adobe', 'Ordering': b'Identity', 'Supplement': 0}, 'W': [0, [507, 0, 0, 258, 0, 0, 612, 0, 339, 588, 557, 558, 590, 591, 515, 581, 591], 48, [658, 0, 676, 700, 569, 0, 0, 0, 239, 0, 0, 510, 809, 708, 765, 0, 0, 608, 586, 570, 700, 0, 0, 652, 626, 0, 527, 575, 495, 575, 563, 283, 0, 574, 552, 225, 0, 0, 225, 808, 551], 89, 91, 572, 92, [330, 465, 294, 551, 490, 734, 486, 490, 472], 730, [783], 735, 736, 248, 752, 756, 230, 784, [300], 833, [564]], 'DW': 0, 'Encoding': /'Identity-H', 'ToUnicode': <PDFStream(17): raw=350, {'Filter': /'FlateDecode', 'Length': 349}>}
2025-02-06 16:58:48,074 - INFO - get_font: create: objid=None, spec={'Type': /'Font', 'FontDescriptor': <PDFObjRef:20>, 'BaseFont': /'AAAAAA+Roboto-Bold', 'Subtype': /'CIDFontType2', 'CIDToGIDMap': /'Identity', 'CIDSystemInfo': {'Registry': b'Adobe', 'Ordering': b'Identity', 'Supplement': 0}, 'W': [0, [443.35938, 0, 0, 0, 249.02344], 39, [654.29688], 48, [541.50391], 61, [618.16406], 69, [536.13281, 0, 0, 0, 540.52734, 0, 0, 0, 265.13672, 0, 0, 0, 865.72266, 560.05859, 565.42969, 562.98828, 0, 364.74609, 514.16016, 0, 559.57031, 0, 0, 0, 501.95313]], 'DW': 0, 'Encoding': /'Identity-H', 'ToUnicode': <PDFStream(22): raw=292, {'Filter': /'FlateDecode', 'Length': 291}>}
2025-02-06 16:58:48,080 - INFO - get_font: create: objid=5, spec={'Type': /'Font', 'Subtype': /'Type0', 'BaseFont': /'BAAAAA+Roboto-Regular', 'Encoding': /'Identity-H', 'DescendantFonts': [<PDFObjRef:25>], 'ToUnicode': <PDFObjRef:26>}
2025-02-06 16:58:48,083 - INFO - get_font: create: objid=None, spec={'Type': /'Font', 'FontDescriptor': <PDFObjRef:24>, 'BaseFont': /'BAAAAA+Roboto-Regular', 'Subtype': /'CIDFontType2', 'CIDToGIDMap': /'Identity', 'CIDSystemInfo': {'Registry': b'Adobe', 'Ordering': b'Identity', 'Supplement': 0}, 'W': [0, [443.35938, 0, 0, 0, 247.55859], 12, [341.79688, 347.65625, 0, 0, 196.28906, 275.87891, 263.18359], 20, 29, 561.52344, 31, [211.42578], 38, [622.55859, 650.87891, 655.76172], 45, [271.97266, 0, 0, 538.08594, 0, 712.89063, 687.5, 630.85938, 0, 0, 593.26172, 596.67969, 648.4375, 0, 0, 626.95313, 600.58594], 69, [543.94531, 561.03516, 523.4375, 563.96484, 529.78516, 347.16797, 561.03516, 550.78125, 242.67578, 0, 0, 242.67578, 876.46484, 551.75781, 570.3125, 561.03516, 568.35938, 338.37891, 515.625, 326.66016, 551.26953, 484.375, 751.46484, 495.60547, 473.14453, 495.60547]], 'DW': 0, 'Encoding': /'Identity-H', 'ToUnicode': <PDFStream(26): raw=321, {'Filter': /'FlateDecode', 'Length': 320}>}
2025-02-06 16:58:48,085 - INFO - Processing file: sample-3.pdf
2025-02-06 16:58:48,086 - INFO - xref found: pos=b'39885'
2025-02-06 16:58:48,088 - INFO - read_xref_from: start=39885, token=/b'xref'
2025-02-06 16:58:48,088 - INFO - xref objects: {1: (None, 15, 0), 2: (None, 2704, 0), 3: (None, 97, 0), 4: (None, 10007, 0), 5: (None, 21345, 0), 6: (None, 28639, 0), 7: (None, 32488, 0), 8: (None, 39746, 0), 9: (None, 134, 0), 10: (None, 2953, 0), 11: (None, 3009, 0), 12: (None, 3589, 0), 13: (None, 3652, 0), 14: (None, 8830, 0), 15: (None, 9038, 0), 16: (None, 9554, 0), 17: (None, 10159, 0), 18: (None, 20289, 0), 19: (None, 20495, 0), 20: (None, 20949, 0), 21: (None, 21489, 0), 22: (None, 27721, 0), 23: (None, 27918, 0), 24: (None, 28267, 0), 25: (None, 28780, 0), 26: (None, 31550, 0), 27: (None, 31763, 0), 28: (None, 32124, 0), 29: (None, 32642, 0), 30: (None, 38978, 0), 31: (None, 39214, 0), 32: (None, 39448, 0)}
2025-02-06 16:58:48,089 - INFO - trailer: {'Size': 33, 'Root': <PDFObjRef:12>, 'Info': <PDFObjRef:1>}
2025-02-06 16:58:48,109 - INFO - trailer: {'Size': 33, 'Root': <PDFObjRef:12>, 'Info': <PDFObjRef:1>}
2025-02-06 16:58:48,111 - INFO - Pages: Kids=[<PDFObjRef:2>]
2025-02-06 16:58:48,113 - INFO - Page: {'Type': /'Page', 'Resources': {'ProcSet': [/'PDF', /'Text', /'ImageB', /'ImageC', /'ImageI'], 'ExtGState': {'G3': <PDFObjRef:3>}, 'Font': {'F4': <PDFObjRef:4>, 'F5': <PDFObjRef:5>, 'F6': <PDFObjRef:6>, 'F7': <PDFObjRef:7>, 'F8': <PDFObjRef:8>}}, 'MediaBox': [0, 0, 612, 792], 'Contents': <PDFObjRef:9>, 'StructParents': 0, 'Parent': <PDFObjRef:10>}
2025-02-06 16:58:48,113 - INFO - Processing page: <PDFPage: Resources={'ProcSet': [/'PDF', /'Text', /'ImageB', /'ImageC', /'ImageI'], 'ExtGState': {'G3': <PDFObjRef:3>}, 'Font': {'F4': <PDFObjRef:4>, 'F5': <PDFObjRef:5>, 'F6': <PDFObjRef:6>, 'F7': <PDFObjRef:7>, 'F8': <PDFObjRef:8>}}, MediaBox=[0, 0, 612, 792]>
2025-02-06 16:58:48,114 - INFO - render_contents: resources={'ProcSet': [/'PDF', /'Text', /'ImageB', /'ImageC', /'ImageI'], 'ExtGState': {'G3': <PDFObjRef:3>}, 'Font': {'F4': <PDFObjRef:4>, 'F5': <PDFObjRef:5>, 'F6': <PDFObjRef:6>, 'F7': <PDFObjRef:7>, 'F8': <PDFObjRef:8>}}, streams=[<PDFStream(9): raw=2500, {'Filter': /'FlateDecode', 'Length': 2499}>], ctm=(1, 0, 0, 1, 0, 0)
2025-02-06 16:58:48,115 - INFO - get_font: create: objid=4, spec={'Type': /'Font', 'Subtype': /'Type0', 'BaseFont': /'AAAAAA+PlayfairDisplay-Bold', 'Encoding': /'Identity-H', 'DescendantFonts': [<PDFObjRef:15>], 'ToUnicode': <PDFObjRef:16>}
2025-02-06 16:58:48,117 - INFO - get_font: create: objid=None, spec={'Type': /'Font', 'FontDescriptor': <PDFObjRef:14>, 'BaseFont': /'AAAAAA+PlayfairDisplay-Bold', 'Subtype': /'CIDFontType2', 'CIDToGIDMap': /'Identity', 'CIDSystemInfo': {'Registry': b'Adobe', 'Ordering': b'Identity', 'Supplement': 0}, 'W': [0, [562, 667], 26, [705], 36, [634], 65, [800, 0, 0, 0, 376], 87, [611], 94, [722], 132, [584], 172, [623], 190, [518], 215, [496], 221, [598, 0, 0, 0, 504], 247, [553], 259, [315], 276, [585, 0, 0, 0, 311], 286, [905, 614], 294, [565], 319, [600, 0, 0, 467, 0, 0, 0, 462], 334, [352], 339, [606], 360, [787], 365, [536, 519], 595, [271], 626, [253], 633, [233]], 'DW': 0, 'Encoding': /'Identity-H', 'ToUnicode': <PDFStream(16): raw=383, {'Filter': /'FlateDecode', 'Length': 382}>}
2025-02-06 16:58:48,125 - INFO - get_font: create: objid=5, spec={'Type': /'Font', 'Subtype': /'Type0', 'BaseFont': /'BAAAAA+Lato-Regular', 'Encoding': /'Identity-H', 'DescendantFonts': [<PDFObjRef:19>], 'ToUnicode': <PDFObjRef:20>}
2025-02-06 16:58:48,126 - INFO - get_font: create: objid=None, spec={'Type': /'Font', 'FontDescriptor': <PDFObjRef:18>, 'BaseFont': /'BAAAAA+Lato-Regular', 'Subtype': /'CIDFontType2', 'CIDToGIDMap': /'Identity', 'CIDSystemInfo': {'Registry': b'Adobe', 'Ordering': b'Identity', 'Supplement': 0}, 'W': [0, [531.5, 0, 0, 193], 15, [212, 347, 212], 19, 24, 580, 36, [680, 0, 685, 0, 581, 0, 0, 756, 307, 0, 0, 514, 920, 756, 798, 611, 0, 644, 530, 590, 730, 0, 0, 643, 629], 68, [507, 559, 467, 559, 524, 337, 511, 556, 256, 0, 0, 256, 821, 556, 556, 552, 559, 403, 434, 373, 556, 512, 0, 0, 512], 262, [570]], 'DW': 0, 'Encoding': /'Identity-H', 'ToUnicode': <PDFStream(20): raw=326, {'Filter': /'FlateDecode', 'Length': 325}>}
2025-02-06 16:58:48,131 - INFO - get_font: create: objid=6, spec={'Type': /'Font', 'Subtype': /'Type0', 'BaseFont': /'CAAAAA+Lato-Bold', 'Encoding': /'Identity-H', 'DescendantFonts': [<PDFObjRef:23>], 'ToUnicode': <PDFObjRef:24>}
2025-02-06 16:58:48,132 - INFO - get_font: create: objid=None, spec={'Type': /'Font', 'FontDescriptor': <PDFObjRef:22>, 'BaseFont': /'CAAAAA+Lato-Bold', 'Subtype': /'CIDFontType2', 'CIDToGIDMap': /'Identity', 'CIDSystemInfo': {'Registry': b'Adobe', 'Ordering': b'Identity', 'Supplement': 0}, 'W': [0, [547, 0, 0, 193], 11, 12, 300, 16, [359, 225], 19, 28, 580, 35, [822.5, 710, 0, 670.5, 0, 572.5], 47, [517, 930, 756, 799.5, 625, 0, 655], 59, [679, 654.5], 66, [394]], 'DW': 0, 'Encoding': /'Identity-H', 'ToUnicode': <PDFStream(24): raw=302, {'Filter': /'FlateDecode', 'Length': 301}>}
2025-02-06 16:58:48,136 - INFO - get_font: create: objid=7, spec={'Type': /'Font', 'Subtype': /'Type0', 'BaseFont': /'DAAAAA+PlayfairDisplay-Italic', 'Encoding': /'Identity-H', 'DescendantFonts': [<PDFObjRef:27>], 'ToUnicode': <PDFObjRef:28>}
2025-02-06 16:58:48,137 - INFO - get_font: create: objid=None, spec={'Type': /'Font', 'FontDescriptor': <PDFObjRef:26>, 'BaseFont': /'DAAAAA+PlayfairDisplay-Italic', 'Subtype': /'CIDFontType2', 'CIDToGIDMap': /'Identity', 'CIDSystemInfo': {'Registry': b'Adobe', 'Ordering': b'Identity', 'Supplement': 0}, 'W': [0, [562], 32, [725], 82, [636], 140, [659], 214, [504], 225, [429], 247, [449], 259, [302], 280, [277], 294, [488], 322, [426], 334, [336], 609, [504], 627, [253]], 'DW': 0, 'Encoding': /'Identity-H', 'ToUnicode': <PDFStream(28): raw=294, {'Filter': /'FlateDecode', 'Length': 293}>}
2025-02-06 16:58:48,139 - INFO - get_font: create: objid=8, spec={'Type': /'Font', 'Subtype': /'Type0', 'BaseFont': /'EAAAAA+ArialMT', 'Encoding': /'Identity-H', 'DescendantFonts': [<PDFObjRef:31>], 'ToUnicode': <PDFObjRef:32>}
2025-02-06 16:58:48,140 - INFO - get_font: create: objid=None, spec={'Type': /'Font', 'FontDescriptor': <PDFObjRef:30>, 'BaseFont': /'EAAAAA+ArialMT', 'Subtype': /'CIDFontType2', 'CIDToGIDMap': /'Identity', 'CIDSystemInfo': {'Registry': b'Adobe', 'Ordering': b'Identity', 'Supplement': 0}, 'W': [0, [750], 404, [604.00391]], 'DW': 0, 'Encoding': /'Identity-H', 'ToUnicode': <PDFStream(32): raw=228, {'Filter': /'FlateDecode', 'Length': 227}>}
2025-02-06 16:58:48,201 - INFO - Processing xobj: <PDFStream(6): raw=70, {'Type': /'XObject', 'Subtype': /'Image', 'Width': 1200, 'Height': 12, 'ColorSpace': /'DeviceRGB', 'BitsPerComponent': 8, 'Filter': /'FlateDecode', 'Length': 69}>
2025-02-06 16:58:48,215 - INFO - Processing xobj: <PDFStream(6): raw=9988, {'Type': /'XObject', 'Subtype': /'Image', 'Width': 800, 'Height': 800, 'ColorSpace': /'DeviceRGB', 'SMask': <PDFObjRef:7>, 'BitsPerComponent': 8, 'Filter': /'FlateDecode', 'Length': 9987}>
2025-02-06 16:58:48,217 - INFO - Processing xobj: <PDFStream(8): raw=12021, {'Type': /'XObject', 'Subtype': /'Image', 'Width': 440, 'Height': 500, 'ColorSpace': /'DeviceRGB', 'BitsPerComponent': 8, 'Filter': /'DCTDecode', 'ColorTransform': 0, 'Length': 12020}>
2025-02-06 16:58:48,218 - INFO - Processing xobj: <PDFStream(9): raw=14101, {'Type': /'XObject', 'Subtype': /'Image', 'Width': 2029, 'Height': 279, 'ColorSpace': /'DeviceRGB', 'SMask': <PDFObjRef:10>, 'BitsPerComponent': 8, 'Filter': /'FlateDecode', 'Length': 14100}>
2025-02-06 16:58:48,232 - INFO - Processing page: <PDFPage: Resources={'ProcSet': [/'PDF', /'Text', /'ImageB', /'ImageC', /'ImageI'], 'ExtGState': {'G3': <PDFObjRef:3>}, 'XObject': {'X9': <PDFObjRef:9>, 'X13': <PDFObjRef:13>}, 'Font': {'F5': <PDFObjRef:5>}}, MediaBox=[0, 0, 612, 792]>
2025-02-06 16:58:48,232 - INFO - render_contents: resources={'ProcSet': [/'PDF', /'Text', /'ImageB', /'ImageC', /'ImageI'], 'ExtGState': {'G3': <PDFObjRef:3>}, 'XObject': {'X9': <PDFObjRef:9>, 'X13': <PDFObjRef:13>}, 'Font': {'F5': <PDFObjRef:5>}}, streams=[<PDFStream(15): raw=2158, {'Filter': /'FlateDecode', 'Length': 2157}>], ctm=(1, 0, 0, 1, 0, 0)
2025-02-06 16:58:48,251 - INFO - Word document saved: word_documents\sample-2.docx
2025-02-06 16:58:48,252 - INFO - Conversion successful: sample-2.pdf -> sample-2.docx
2025-02-06 16:58:48,343 - INFO - Word document saved: word_documents\sample-3.docx
2025-02-06 16:58:48,343 - INFO - Conversion successful: sample-3.pdf -> sample-3.docx
2025-02-06 16:58:48,356 - INFO - Processing xobj: <PDFStream(13): raw=2107, {'Type': /'XObject', 'Subtype': /'Image', 'Width': 300, 'Height': 300, 'ColorSpace': /'DeviceRGB', 'SMask': <PDFObjRef:14>, 'BitsPerComponent': 8, 'Filter': /'FlateDecode', 'Length': 2106}>
2025-02-06 16:58:48,357 - INFO - Processing xobj: <PDFStream(9): raw=14101, {'Type': /'XObject', 'Subtype': /'Image', 'Width': 2029, 'Height': 279, 'ColorSpace': /'DeviceRGB', 'SMask': <PDFObjRef:10>, 'BitsPerComponent': 8, 'Filter': /'FlateDecode', 'Length': 14100}>
2025-02-06 16:58:48,399 - INFO - Word document saved: word_documents\sample-1.docx
2025-02-06 16:58:48,399 - INFO - Conversion successful: sample-1.pdf -> sample-1.docx
2025-02-06 16:58:48,489 - INFO - All PDF files have been processed successfully.
